mode: set
github.com/autom8ter/machine/pubsub.go:23.102,27.37 4 1
github.com/autom8ter/machine/pubsub.go:30.2,34.15 5 1
github.com/autom8ter/machine/pubsub.go:39.2,39.6 1 1
github.com/autom8ter/machine/pubsub.go:27.37,29.3 1 1
github.com/autom8ter/machine/pubsub.go:34.15,38.3 3 1
github.com/autom8ter/machine/pubsub.go:39.6,40.10 1 1
github.com/autom8ter/machine/pubsub.go:41.21,42.14 1 1
github.com/autom8ter/machine/pubsub.go:43.20,44.16 1 1
github.com/autom8ter/machine/pubsub.go:49.65,50.37 1 1
github.com/autom8ter/machine/pubsub.go:55.2,56.43 2 1
github.com/autom8ter/machine/pubsub.go:59.2,59.12 1 1
github.com/autom8ter/machine/pubsub.go:50.37,54.3 3 0
github.com/autom8ter/machine/pubsub.go:56.43,58.3 1 1
github.com/autom8ter/machine/pubsub.go:62.26,65.36 3 1
github.com/autom8ter/machine/pubsub.go:65.36,67.3 1 1
github.com/autom8ter/machine/routine.go:41.47,43.2 1 1
github.com/autom8ter/machine/routine.go:45.31,47.2 1 1
github.com/autom8ter/machine/routine.go:49.37,51.2 1 1
github.com/autom8ter/machine/routine.go:53.30,55.2 1 0
github.com/autom8ter/machine/routine.go:57.39,59.2 1 1
github.com/autom8ter/machine/routine.go:61.46,63.2 1 1
github.com/autom8ter/machine/routine.go:65.68,67.2 1 1
github.com/autom8ter/machine/routine.go:69.84,71.2 1 1
github.com/autom8ter/machine/routine.go:73.40,75.2 1 1
github.com/autom8ter/machine/routine.go:77.28,78.23 1 1
github.com/autom8ter/machine/routine.go:78.23,83.3 4 1
github.com/autom8ter/machine/stats.go:20.32,23.2 2 1
github.com/autom8ter/machine/machine.go:34.56,36.28 2 1
github.com/autom8ter/machine/machine.go:39.2,39.27 1 1
github.com/autom8ter/machine/machine.go:42.2,42.24 1 1
github.com/autom8ter/machine/machine.go:48.2,67.10 4 1
github.com/autom8ter/machine/machine.go:36.28,38.3 1 1
github.com/autom8ter/machine/machine.go:39.27,41.3 1 1
github.com/autom8ter/machine/machine.go:42.24,47.3 1 1
github.com/autom8ter/machine/machine.go:71.32,75.2 3 1
github.com/autom8ter/machine/machine.go:78.31,80.2 1 1
github.com/autom8ter/machine/machine.go:83.35,85.2 1 0
github.com/autom8ter/machine/machine.go:91.46,93.27 2 1
github.com/autom8ter/machine/machine.go:96.2,96.24 1 1
github.com/autom8ter/machine/machine.go:93.27,95.3 1 1
github.com/autom8ter/machine/machine.go:96.24,101.3 1 1
github.com/autom8ter/machine/machine.go:104.27,105.6 1 1
github.com/autom8ter/machine/machine.go:105.6,106.10 1 1
github.com/autom8ter/machine/machine.go:107.17,108.10 1 1
github.com/autom8ter/machine/machine.go:109.27,110.44 1 1
github.com/autom8ter/machine/machine.go:113.4,113.39 1 1
github.com/autom8ter/machine/machine.go:116.4,116.52 1 1
github.com/autom8ter/machine/machine.go:119.4,119.22 1 1
github.com/autom8ter/machine/machine.go:122.4,126.29 2 1
github.com/autom8ter/machine/machine.go:131.4,144.14 6 1
github.com/autom8ter/machine/machine.go:110.44,112.5 1 1
github.com/autom8ter/machine/machine.go:113.39,115.5 1 1
github.com/autom8ter/machine/machine.go:116.53,118.5 0 0
github.com/autom8ter/machine/machine.go:119.22,121.5 1 1
github.com/autom8ter/machine/machine.go:126.29,128.5 1 1
github.com/autom8ter/machine/machine.go:128.10,130.5 1 1
github.com/autom8ter/machine/machine.go:144.14,147.5 2 1
github.com/autom8ter/machine/machine.go:153.26,154.21 1 1
github.com/autom8ter/machine/machine.go:154.21,155.28 1 1
github.com/autom8ter/machine/machine.go:157.3,157.36 1 1
github.com/autom8ter/machine/machine.go:155.29,156.4 0 0
github.com/autom8ter/machine/machine.go:157.36,159.4 1 1
github.com/autom8ter/machine/machine.go:164.28,165.24 1 1
github.com/autom8ter/machine/machine.go:165.24,166.22 1 1
github.com/autom8ter/machine/machine.go:166.22,168.37 2 1
github.com/autom8ter/machine/machine.go:168.37,170.5 1 1
github.com/autom8ter/machine/machine.go:176.34,180.31 4 1
github.com/autom8ter/machine/machine.go:190.2,197.3 1 1
github.com/autom8ter/machine/machine.go:180.31,181.15 1 1
github.com/autom8ter/machine/machine.go:181.15,188.4 1 1
github.com/autom8ter/machine/machine.go:201.27,202.23 1 1
github.com/autom8ter/machine/machine.go:202.23,206.36 4 1
github.com/autom8ter/machine/machine.go:206.36,208.4 1 1
github.com/autom8ter/machine/machine.go:213.45,220.2 6 1
github.com/autom8ter/machine/machine.go:223.37,225.2 1 0
github.com/autom8ter/machine/middlewares.go:9.43,10.28 1 1
github.com/autom8ter/machine/middlewares.go:10.28,11.32 1 1
github.com/autom8ter/machine/middlewares.go:11.32,13.8 2 1
github.com/autom8ter/machine/middlewares.go:13.8,14.12 1 1
github.com/autom8ter/machine/middlewares.go:15.37,16.12 1 1
github.com/autom8ter/machine/middlewares.go:17.21,18.17 1 1
github.com/autom8ter/machine/middlewares.go:26.56,27.28 1 0
github.com/autom8ter/machine/middlewares.go:27.28,28.32 1 0
github.com/autom8ter/machine/middlewares.go:28.32,29.17 1 0
github.com/autom8ter/machine/middlewares.go:32.4,32.15 1 0
github.com/autom8ter/machine/middlewares.go:29.17,31.5 1 0
github.com/autom8ter/machine/middlewares.go:38.58,39.28 1 0
github.com/autom8ter/machine/middlewares.go:39.28,40.32 1 0
github.com/autom8ter/machine/middlewares.go:40.32,43.4 2 0
github.com/autom8ter/machine/middlewares.go:49.65,50.28 1 0
github.com/autom8ter/machine/middlewares.go:50.28,51.32 1 0
github.com/autom8ter/machine/middlewares.go:51.32,52.28 1 0
github.com/autom8ter/machine/middlewares.go:52.28,54.5 1 0
github.com/autom8ter/machine/middlewares.go:60.32,61.28 1 1
github.com/autom8ter/machine/middlewares.go:61.28,62.32 1 1
github.com/autom8ter/machine/middlewares.go:62.32,63.17 1 1
github.com/autom8ter/machine/middlewares.go:69.4,69.15 1 1
github.com/autom8ter/machine/middlewares.go:63.17,65.31 2 1
github.com/autom8ter/machine/middlewares.go:65.31,67.6 1 0
github.com/autom8ter/machine/options.go:17.39,18.25 1 1
github.com/autom8ter/machine/options.go:18.25,20.3 1 1
github.com/autom8ter/machine/options.go:24.30,25.25 1 0
github.com/autom8ter/machine/options.go:25.25,27.3 1 0
github.com/autom8ter/machine/options.go:31.44,32.25 1 1
github.com/autom8ter/machine/options.go:32.25,34.3 1 1
github.com/autom8ter/machine/options.go:38.57,39.25 1 1
github.com/autom8ter/machine/options.go:39.25,41.3 1 1
github.com/autom8ter/machine/options.go:59.35,60.25 1 1
github.com/autom8ter/machine/options.go:60.25,61.15 1 1
github.com/autom8ter/machine/options.go:64.3,64.22 1 1
github.com/autom8ter/machine/options.go:61.15,62.52 1 0
github.com/autom8ter/machine/options.go:69.36,70.25 1 0
github.com/autom8ter/machine/options.go:70.25,72.3 1 0
github.com/autom8ter/machine/options.go:75.38,76.25 1 1
github.com/autom8ter/machine/options.go:76.25,78.3 1 1
github.com/autom8ter/machine/options.go:81.45,82.25 1 0
github.com/autom8ter/machine/options.go:82.25,84.3 1 0
github.com/autom8ter/machine/options.go:89.53,90.25 1 1
github.com/autom8ter/machine/options.go:90.25,92.3 1 1
github.com/autom8ter/machine/options.go:96.34,97.25 1 0
github.com/autom8ter/machine/options.go:97.25,99.3 1 0
